INFO:__main__:Creating database tables...
INFO:__main__:Found 342 JSON files to process
INFO:__main__:Progress: 0/342 files processed
WARNING:__main__:No metadata for location: Coigach
WARNING:__main__:No metadata for location: Coigach
WARNING:__main__:No metadata for location: Coigach
WARNING:__main__:No metadata for location: Coigach
WARNING:__main__:No metadata for location: Coigach
INFO:__main__:Progress: 10/342 files processed
WARNING:__main__:No metadata for location: Coigach
WARNING:__main__:No metadata for location: Coigach
WARNING:__main__:No metadata for location: Coigach
WARNING:__main__:No metadata for location: Coigach
WARNING:__main__:No metadata for location: Coigach
WARNING:__main__:No metadata for location: Coigach
INFO:__main__:Progress: 20/342 files processed
WARNING:__main__:No metadata for location: Coigach
WARNING:__main__:No metadata for location: Coigach
WARNING:__main__:No metadata for location: Coigach
WARNING:__main__:No metadata for location: Coigach
WARNING:__main__:No metadata for location: Coigach
INFO:__main__:Progress: 30/342 files processed
WARNING:__main__:No metadata for location: Coigach
WARNING:__main__:No metadata for location: Coigach
WARNING:__main__:No metadata for location: Coigach
WARNING:__main__:No metadata for location: Coigach
WARNING:__main__:No metadata for location: Coigach
WARNING:__main__:No metadata for location: Coigach
WARNING:__main__:No metadata for location: Coigach
WARNING:__main__:No metadata for location: Glencoe
WARNING:__main__:No metadata for location: Glencoe
INFO:__main__:Progress: 40/342 files processed
WARNING:__main__:No metadata for location: Glencoe
WARNING:__main__:No metadata for location: Glencoe
WARNING:__main__:No metadata for location: Glencoe
WARNING:__main__:No metadata for location: Glencoe
WARNING:__main__:No metadata for location: Glencoe
WARNING:__main__:No metadata for location: Glencoe
INFO:__main__:Progress: 50/342 files processed
WARNING:__main__:No metadata for location: Glencoe
WARNING:__main__:No metadata for location: Glencoe
WARNING:__main__:No metadata for location: Glencoe
WARNING:__main__:No metadata for location: Glencoe
WARNING:__main__:No metadata for location: Glencoe
WARNING:__main__:No metadata for location: Glencoe
WARNING:__main__:No metadata for location: Glencoe
INFO:__main__:Progress: 60/342 files processed
WARNING:__main__:No metadata for location: Glencoe
WARNING:__main__:No metadata for location: Glencoe
WARNING:__main__:No metadata for location: Glencoe
WARNING:__main__:No metadata for location: Glencoe
WARNING:__main__:No metadata for location: Glencoe
WARNING:__main__:No metadata for location: Glencoe
WARNING:__main__:No metadata for location: Glencoe
WARNING:__main__:No metadata for location: Glencoe
INFO:__main__:Progress: 70/342 files processed
WARNING:__main__:No metadata for location: Glencoe
WARNING:__main__:No metadata for location: Glencoe
WARNING:__main__:No metadata for location: Glencoe
WARNING:__main__:No metadata for location: Glencoe
INFO:__main__:Progress: 80/342 files processed
WARNING:__main__:No metadata for location: Glencoe
WARNING:__main__:No metadata for location: Glencoe
WARNING:__main__:No metadata for location: Glencoe
WARNING:__main__:No metadata for location: Glencoe
INFO:__main__:Progress: 90/342 files processed
WARNING:__main__:No metadata for location: Skye
WARNING:__main__:No metadata for location: Skye
WARNING:__main__:No metadata for location: Skye
WARNING:__main__:No metadata for location: Skye
WARNING:__main__:No metadata for location: Skye
WARNING:__main__:No metadata for location: Skye
INFO:__main__:Progress: 100/342 files processed
WARNING:__main__:No metadata for location: Skye
WARNING:__main__:No metadata for location: Beinn Tarsuinn Corbett
WARNING:__main__:No metadata for location: Beinn Tarsuinn Corbett
WARNING:__main__:No metadata for location: An Ruadh Stac
INFO:__main__:Progress: 110/342 files processed
WARNING:__main__:No metadata for location: Beinn Tarsuinn Corbett
WARNING:__main__:No metadata for location: Torridon
WARNING:__main__:No metadata for location: An Ruadh Stac
WARNING:__main__:No metadata for location: An Ruadh Stac
WARNING:__main__:No metadata for location: Torridon
INFO:__main__:Progress: 120/342 files processed
WARNING:__main__:No metadata for location: Baosbheinn
WARNING:__main__:No metadata for location: Torridon
WARNING:__main__:No metadata for location: Torridon
WARNING:__main__:No metadata for location: Beinn Alligin - Sgurr Mor
WARNING:__main__:No metadata for location: An Ruadh Stac
WARNING:__main__:No metadata for location: Torridon
INFO:__main__:Progress: 130/342 files processed
WARNING:__main__:No metadata for location: Beinn Dearg Mor
WARNING:__main__:No metadata for location: Baosbheinn
WARNING:__main__:No metadata for location: Baosbheinn
WARNING:__main__:No metadata for location: Torridon
WARNING:__main__:No metadata for location: An Ruadh Stac
INFO:__main__:Progress: 140/342 files processed
WARNING:__main__:No metadata for location: Torridon
WARNING:__main__:No metadata for location: Baosbheinn
WARNING:__main__:No metadata for location: An Ruadh Stac
WARNING:__main__:No metadata for location: Torridon
WARNING:__main__:No metadata for location: Baosbheinn
INFO:__main__:Progress: 150/342 files processed
WARNING:__main__:No metadata for location: Beinn Dearg Mor
WARNING:__main__:No metadata for location: Torridon
WARNING:__main__:No metadata for location: An Ruadh Stac
WARNING:__main__:No metadata for location: Baosbheinn
WARNING:__main__:No metadata for location: Baosbheinn
INFO:__main__:Progress: 160/342 files processed
WARNING:__main__:No metadata for location: Baosbheinn
WARNING:__main__:No metadata for location: An Ruadh Stac
WARNING:__main__:No metadata for location: An Ruadh Stac
WARNING:__main__:No metadata for location: Baosbheinn
WARNING:__main__:No metadata for location: An Ruadh Stac
WARNING:__main__:No metadata for location: An Ruadh Stac
WARNING:__main__:No metadata for location: Torridon
INFO:__main__:Progress: 170/342 files processed
WARNING:__main__:No metadata for location: Torridon
WARNING:__main__:No metadata for location: Torridon
WARNING:__main__:No metadata for location: An Ruadh Stac
WARNING:__main__:No metadata for location: Torridon
WARNING:__main__:No metadata for location: Baosbheinn
WARNING:__main__:No metadata for location: Torridon
INFO:__main__:Progress: 180/342 files processed
WARNING:__main__:No metadata for location: Beinn Dearg Mor
WARNING:__main__:No metadata for location: An Ruadh Stac
WARNING:__main__:No metadata for location: Torridon
WARNING:__main__:No metadata for location: Torridon
WARNING:__main__:No metadata for location: Baosbheinn
INFO:__main__:Progress: 190/342 files processed
WARNING:__main__:No metadata for location: Baosbheinn
WARNING:__main__:No metadata for location: Torridon
WARNING:__main__:No metadata for location: Baosbheinn
INFO:__main__:Progress: 200/342 files processed
WARNING:__main__:No metadata for location: Beinn Tarsuinn Corbett
WARNING:__main__:No metadata for location: Torridon
WARNING:__main__:No metadata for location: Torridon
WARNING:__main__:No metadata for location: Torridon
WARNING:__main__:No metadata for location: Baosbheinn
INFO:__main__:Progress: 210/342 files processed
WARNING:__main__:No metadata for location: Torridon
WARNING:__main__:No metadata for location: Baosbheinn
WARNING:__main__:No metadata for location: Torridon
WARNING:__main__:No metadata for location: Beinn Alligin - Sgurr Mor
WARNING:__main__:No metadata for location: Torridon
WARNING:__main__:No metadata for location: Beinn Dearg Mor
INFO:__main__:Progress: 220/342 files processed
WARNING:__main__:No metadata for location: Baosbheinn
WARNING:__main__:No metadata for location: An Ruadh Stac
WARNING:__main__:No metadata for location: Torridon
WARNING:__main__:No metadata for location: Torridon
WARNING:__main__:No metadata for location: Torridon
WARNING:__main__:No metadata for location: Beinn Tarsuinn Corbett
WARNING:__main__:No metadata for location: Torridon
WARNING:__main__:No metadata for location: Torridon
INFO:__main__:Progress: 230/342 files processed
WARNING:__main__:No metadata for location: Torridon
WARNING:__main__:No metadata for location: Beinn Tarsuinn Corbett
INFO:__main__:Progress: 240/342 files processed
WARNING:__main__:No metadata for location: Torridon
WARNING:__main__:No metadata for location: Beinn Dearg Mor
WARNING:__main__:No metadata for location: Torridon
WARNING:__main__:No metadata for location: Torridon
WARNING:__main__:No metadata for location: Baosbheinn
INFO:__main__:Progress: 250/342 files processed
WARNING:__main__:No metadata for location: Torridon
WARNING:__main__:No metadata for location: Torridon
WARNING:__main__:No metadata for location: Torridon
WARNING:__main__:No metadata for location: An Ruadh Stac
WARNING:__main__:No metadata for location: Beinn Alligin - Sgurr Mor
WARNING:__main__:No metadata for location: Baosbheinn
INFO:__main__:Progress: 260/342 files processed
WARNING:__main__:No metadata for location: Torridon
WARNING:__main__:No metadata for location: Torridon
INFO:__main__:Progress: 270/342 files processed
WARNING:__main__:No metadata for location: An Ruadh Stac
WARNING:__main__:No metadata for location: Baosbheinn
WARNING:__main__:No metadata for location: An Ruadh Stac
WARNING:__main__:No metadata for location: Torridon
WARNING:__main__:No metadata for location: Beinn Dearg Mor
WARNING:__main__:No metadata for location: An Ruadh Stac
INFO:__main__:Progress: 280/342 files processed
WARNING:__main__:No metadata for location: An Ruadh Stac
WARNING:__main__:No metadata for location: Torridon
WARNING:__main__:No metadata for location: Torridon
WARNING:__main__:No metadata for location: Torridon
INFO:__main__:Progress: 290/342 files processed
WARNING:__main__:No metadata for location: Baosbheinn
WARNING:__main__:No metadata for location: Baosbheinn
WARNING:__main__:No metadata for location: Beinn Dearg Mor
WARNING:__main__:No metadata for location: Torridon
WARNING:__main__:No metadata for location: Torridon
WARNING:__main__:No metadata for location: Torridon
INFO:__main__:Progress: 300/342 files processed
WARNING:__main__:No metadata for location: An Ruadh Stac
WARNING:__main__:No metadata for location: An Ruadh Stac
WARNING:__main__:No metadata for location: An Ruadh Stac
WARNING:__main__:No metadata for location: An Ruadh Stac
INFO:__main__:Progress: 310/342 files processed
WARNING:__main__:No metadata for location: Baosbheinn
WARNING:__main__:No metadata for location: Baosbheinn
WARNING:__main__:No metadata for location: An Ruadh Stac
WARNING:__main__:No metadata for location: Baosbheinn
WARNING:__main__:No metadata for location: Torridon
WARNING:__main__:No metadata for location: Beinn Tarsuinn Corbett
INFO:__main__:Progress: 320/342 files processed
WARNING:__main__:No metadata for location: Torridon
WARNING:__main__:No metadata for location: Torridon
WARNING:__main__:No metadata for location: Torridon
INFO:__main__:Progress: 330/342 files processed
WARNING:__main__:No metadata for location: Knoydart
WARNING:__main__:No metadata for location: Knoydart
WARNING:__main__:No metadata for location: Knoydart
WARNING:__main__:No metadata for location: Knoydart
WARNING:__main__:No metadata for location: Knoydart
WARNING:__main__:No metadata for location: Knoydart
WARNING:__main__:No metadata for location: Knoydart
INFO:__main__:Progress: 340/342 files processed
INFO:__main__:Migration completed: 342 files processed, 0 errors
